{"total": {"lines":{"total":544,"covered":443,"skipped":0,"pct":81.43},"statements":{"total":565,"covered":453,"skipped":0,"pct":80.17},"functions":{"total":116,"covered":92,"skipped":0,"pct":79.31},"branches":{"total":178,"covered":111,"skipped":0,"pct":62.35},"branchesTrue":{"total":0,"covered":0,"skipped":0,"pct":100}}
,"/Users/vantranguyenthi/Documents/project/my_app/src/cli/main.ts": {"lines":{"total":72,"covered":28,"skipped":0,"pct":38.88},"functions":{"total":6,"covered":2,"skipped":0,"pct":33.33},"statements":{"total":74,"covered":29,"skipped":0,"pct":39.18},"branches":{"total":15,"covered":6,"skipped":0,"pct":40}}
,"/Users/vantranguyenthi/Documents/project/my_app/src/core/ai-analyzer.ts": {"lines":{"total":1,"covered":1,"skipped":0,"pct":100},"functions":{"total":1,"covered":1,"skipped":0,"pct":100},"statements":{"total":2,"covered":2,"skipped":0,"pct":100},"branches":{"total":0,"covered":0,"skipped":0,"pct":100}}
,"/Users/vantranguyenthi/Documents/project/my_app/src/core/analysis-service.ts": {"lines":{"total":103,"covered":85,"skipped":0,"pct":82.52},"functions":{"total":27,"covered":22,"skipped":0,"pct":81.48},"statements":{"total":103,"covered":85,"skipped":0,"pct":82.52},"branches":{"total":26,"covered":15,"skipped":0,"pct":57.69}}
,"/Users/vantranguyenthi/Documents/project/my_app/src/core/config.ts": {"lines":{"total":5,"covered":5,"skipped":0,"pct":100},"functions":{"total":1,"covered":1,"skipped":0,"pct":100},"statements":{"total":5,"covered":5,"skipped":0,"pct":100},"branches":{"total":10,"covered":10,"skipped":0,"pct":100}}
,"/Users/vantranguyenthi/Documents/project/my_app/src/core/execution-engine.ts": {"lines":{"total":90,"covered":80,"skipped":0,"pct":88.88},"functions":{"total":20,"covered":10,"skipped":0,"pct":50},"statements":{"total":99,"covered":80,"skipped":0,"pct":80.8},"branches":{"total":28,"covered":16,"skipped":0,"pct":57.14}}
,"/Users/vantranguyenthi/Documents/project/my_app/src/core/fs.ts": {"lines":{"total":22,"covered":22,"skipped":0,"pct":100},"functions":{"total":6,"covered":6,"skipped":0,"pct":100},"statements":{"total":22,"covered":22,"skipped":0,"pct":100},"branches":{"total":1,"covered":1,"skipped":0,"pct":100}}
,"/Users/vantranguyenthi/Documents/project/my_app/src/core/reliability-evaluator.ts": {"lines":{"total":11,"covered":10,"skipped":0,"pct":90.9},"functions":{"total":2,"covered":2,"skipped":0,"pct":100},"statements":{"total":11,"covered":10,"skipped":0,"pct":90.9},"branches":{"total":12,"covered":11,"skipped":0,"pct":91.66}}
,"/Users/vantranguyenthi/Documents/project/my_app/src/core/report-store.ts": {"lines":{"total":8,"covered":8,"skipped":0,"pct":100},"functions":{"total":4,"covered":4,"skipped":0,"pct":100},"statements":{"total":8,"covered":8,"skipped":0,"pct":100},"branches":{"total":0,"covered":0,"skipped":0,"pct":100}}
,"/Users/vantranguyenthi/Documents/project/my_app/src/core/run-store.ts": {"lines":{"total":8,"covered":8,"skipped":0,"pct":100},"functions":{"total":4,"covered":4,"skipped":0,"pct":100},"statements":{"total":8,"covered":8,"skipped":0,"pct":100},"branches":{"total":0,"covered":0,"skipped":0,"pct":100}}
,"/Users/vantranguyenthi/Documents/project/my_app/src/core/runtime.ts": {"lines":{"total":19,"covered":19,"skipped":0,"pct":100},"functions":{"total":2,"covered":2,"skipped":0,"pct":100},"statements":{"total":19,"covered":19,"skipped":0,"pct":100},"branches":{"total":0,"covered":0,"skipped":0,"pct":100}}
,"/Users/vantranguyenthi/Documents/project/my_app/src/core/scenario-loader.ts": {"lines":{"total":55,"covered":43,"skipped":0,"pct":78.18},"functions":{"total":13,"covered":10,"skipped":0,"pct":76.92},"statements":{"total":57,"covered":44,"skipped":0,"pct":77.19},"branches":{"total":21,"covered":12,"skipped":0,"pct":57.14}}
,"/Users/vantranguyenthi/Documents/project/my_app/src/core/schemas.ts": {"lines":{"total":5,"covered":5,"skipped":0,"pct":100},"functions":{"total":0,"covered":0,"skipped":0,"pct":100},"statements":{"total":5,"covered":5,"skipped":0,"pct":100},"branches":{"total":0,"covered":0,"skipped":0,"pct":100}}
,"/Users/vantranguyenthi/Documents/project/my_app/src/core/ai/anthropic-analyzer.ts": {"lines":{"total":11,"covered":10,"skipped":0,"pct":90.9},"functions":{"total":2,"covered":2,"skipped":0,"pct":100},"statements":{"total":11,"covered":10,"skipped":0,"pct":90.9},"branches":{"total":1,"covered":0,"skipped":0,"pct":0}}
,"/Users/vantranguyenthi/Documents/project/my_app/src/core/ai/mock-analyzer.ts": {"lines":{"total":4,"covered":4,"skipped":0,"pct":100},"functions":{"total":1,"covered":1,"skipped":0,"pct":100},"statements":{"total":4,"covered":4,"skipped":0,"pct":100},"branches":{"total":6,"covered":6,"skipped":0,"pct":100}}
,"/Users/vantranguyenthi/Documents/project/my_app/src/core/ai/openai-compatible-analyzer.ts": {"lines":{"total":11,"covered":10,"skipped":0,"pct":90.9},"functions":{"total":2,"covered":2,"skipped":0,"pct":100},"statements":{"total":11,"covered":10,"skipped":0,"pct":90.9},"branches":{"total":1,"covered":0,"skipped":0,"pct":0}}
,"/Users/vantranguyenthi/Documents/project/my_app/src/core/ai/prompt.ts": {"lines":{"total":5,"covered":5,"skipped":0,"pct":100},"functions":{"total":2,"covered":2,"skipped":0,"pct":100},"statements":{"total":5,"covered":5,"skipped":0,"pct":100},"branches":{"total":2,"covered":1,"skipped":0,"pct":50}}
,"/Users/vantranguyenthi/Documents/project/my_app/src/core/ai/provider-config.ts": {"lines":{"total":15,"covered":13,"skipped":0,"pct":86.66},"functions":{"total":1,"covered":1,"skipped":0,"pct":100},"statements":{"total":15,"covered":13,"skipped":0,"pct":86.66},"branches":{"total":22,"covered":18,"skipped":0,"pct":81.81}}
,"/Users/vantranguyenthi/Documents/project/my_app/src/core/ai/provider-registry.ts": {"lines":{"total":11,"covered":11,"skipped":0,"pct":100},"functions":{"total":4,"covered":4,"skipped":0,"pct":100},"statements":{"total":12,"covered":12,"skipped":0,"pct":100},"branches":{"total":1,"covered":1,"skipped":0,"pct":100}}
,"/Users/vantranguyenthi/Documents/project/my_app/src/core/ai/response-parser.ts": {"lines":{"total":24,"covered":15,"skipped":0,"pct":62.5},"functions":{"total":6,"covered":5,"skipped":0,"pct":83.33},"statements":{"total":24,"covered":15,"skipped":0,"pct":62.5},"branches":{"total":8,"covered":2,"skipped":0,"pct":25}}
,"/Users/vantranguyenthi/Documents/project/my_app/src/core/ai/router.ts": {"lines":{"total":16,"covered":15,"skipped":0,"pct":93.75},"functions":{"total":2,"covered":2,"skipped":0,"pct":100},"statements":{"total":16,"covered":15,"skipped":0,"pct":93.75},"branches":{"total":3,"covered":3,"skipped":0,"pct":100}}
,"/Users/vantranguyenthi/Documents/project/my_app/src/server/core-runtime.provider.ts": {"lines":{"total":4,"covered":3,"skipped":0,"pct":75},"functions":{"total":1,"covered":0,"skipped":0,"pct":0},"statements":{"total":4,"covered":3,"skipped":0,"pct":75},"branches":{"total":0,"covered":0,"skipped":0,"pct":100}}
,"/Users/vantranguyenthi/Documents/project/my_app/src/server/main.ts": {"lines":{"total":9,"covered":8,"skipped":0,"pct":88.88},"functions":{"total":1,"covered":1,"skipped":0,"pct":100},"statements":{"total":9,"covered":8,"skipped":0,"pct":88.88},"branches":{"total":3,"covered":1,"skipped":0,"pct":33.33}}
,"/Users/vantranguyenthi/Documents/project/my_app/src/server/server.module.ts": {"lines":{"total":5,"covered":5,"skipped":0,"pct":100},"functions":{"total":0,"covered":0,"skipped":0,"pct":100},"statements":{"total":7,"covered":7,"skipped":0,"pct":100},"branches":{"total":0,"covered":0,"skipped":0,"pct":100}}
,"/Users/vantranguyenthi/Documents/project/my_app/src/server/controllers/analysis.controller.ts": {"lines":{"total":22,"covered":22,"skipped":0,"pct":100},"functions":{"total":6,"covered":6,"skipped":0,"pct":100},"statements":{"total":24,"covered":24,"skipped":0,"pct":100},"branches":{"total":18,"covered":8,"skipped":0,"pct":44.44}}
,"/Users/vantranguyenthi/Documents/project/my_app/src/server/controllers/scenarios.controller.ts": {"lines":{"total":7,"covered":7,"skipped":0,"pct":100},"functions":{"total":2,"covered":2,"skipped":0,"pct":100},"statements":{"total":9,"covered":9,"skipped":0,"pct":100},"branches":{"total":0,"covered":0,"skipped":0,"pct":100}}
,"/Users/vantranguyenthi/Documents/project/my_app/src/server/dto/run-analysis.dto.ts": {"lines":{"total":1,"covered":1,"skipped":0,"pct":100},"functions":{"total":0,"covered":0,"skipped":0,"pct":100},"statements":{"total":1,"covered":1,"skipped":0,"pct":100},"branches":{"total":0,"covered":0,"skipped":0,"pct":100}}
}
